{
"contracts/FundMe.sol":{"l":{"34":6,"35":5,"43":3,"44":3,"53":19,"58":18,"59":18,"72":3,"77":8,"78":8,"80":3,"82":3,"85":3,"98":2,"100":2,"105":7,"106":7,"108":2,"109":2,"110":2,"114":0,"118":3,"124":12,"128":1},"path":"/Users/test_user/Documents/Blockchain/Javascript_Youtube_Tutorial/follow_hardhat-fund-me-fcc/contracts/FundMe.sol","s":{"1":6,"2":3,"3":3,"4":19,"5":18,"6":18,"7":3,"8":8,"9":8,"10":3,"11":3,"12":3,"13":2,"14":2,"15":7,"16":7,"17":2,"18":2,"19":2,"20":0,"21":3,"22":12,"23":1},"b":{"1":[1,5],"2":[18,1],"3":[3,0],"4":[2,0]},"f":{"1":6,"2":3,"3":19,"4":3,"5":2,"6":0,"7":3,"8":12,"9":1},"fnMap":{"1":{"name":"onlyOwner","line":31,"loc":{"start":{"line":31,"column":4},"end":{"line":36,"column":4}}},"2":{"name":"constructor","line":38,"loc":{"start":{"line":38,"column":4},"end":{"line":45,"column":4}}},"3":{"name":"fund","line":52,"loc":{"start":{"line":52,"column":4},"end":{"line":69,"column":4}}},"4":{"name":"withdraw","line":71,"loc":{"start":{"line":71,"column":4},"end":{"line":95,"column":4}}},"5":{"name":"cheaperWithdraw","line":97,"loc":{"start":{"line":97,"column":4},"end":{"line":111,"column":4}}},"6":{"name":"getOwner","line":113,"loc":{"start":{"line":113,"column":4},"end":{"line":115,"column":4}}},"7":{"name":"getFunder","line":117,"loc":{"start":{"line":117,"column":4},"end":{"line":119,"column":4}}},"8":{"name":"getAddressToAmountFunded","line":121,"loc":{"start":{"line":121,"column":4},"end":{"line":125,"column":4}}},"9":{"name":"getPriceFeed","line":127,"loc":{"start":{"line":127,"column":4},"end":{"line":129,"column":4}}}},"statementMap":{"1":{"start":{"line":34,"column":8},"end":{"line":34,"column":60}},"2":{"start":{"line":43,"column":8},"end":{"line":43,"column":27}},"3":{"start":{"line":44,"column":8},"end":{"line":44,"column":60}},"4":{"start":{"line":53,"column":8},"end":{"line":53,"column":1488}},"5":{"start":{"line":58,"column":8},"end":{"line":58,"column":55}},"6":{"start":{"line":59,"column":8},"end":{"line":59,"column":33}},"7":{"start":{"line":72,"column":8},"end":{"line":72,"column":2180}},"8":{"start":{"line":77,"column":12},"end":{"line":77,"column":51}},"9":{"start":{"line":78,"column":12},"end":{"line":78,"column":46}},"10":{"start":{"line":80,"column":8},"end":{"line":80,"column":35}},"11":{"start":{"line":82,"column":8},"end":{"line":82,"column":2469}},"12":{"start":{"line":85,"column":8},"end":{"line":85,"column":42}},"13":{"start":{"line":98,"column":8},"end":{"line":98,"column":44}},"14":{"start":{"line":100,"column":8},"end":{"line":100,"column":3083}},"15":{"start":{"line":105,"column":12},"end":{"line":105,"column":49}},"16":{"start":{"line":106,"column":12},"end":{"line":106,"column":46}},"17":{"start":{"line":108,"column":8},"end":{"line":108,"column":35}},"18":{"start":{"line":109,"column":8},"end":{"line":109,"column":73}},"19":{"start":{"line":110,"column":8},"end":{"line":110,"column":23}},"20":{"start":{"line":114,"column":8},"end":{"line":114,"column":22}},"21":{"start":{"line":118,"column":8},"end":{"line":118,"column":32}},"22":{"start":{"line":124,"column":8},"end":{"line":124,"column":47}},"23":{"start":{"line":128,"column":8},"end":{"line":128,"column":26}}},"branchMap":{"1":{"line":34,"type":"if","locations":[{"start":{"line":34,"column":8},"end":{"line":34,"column":8}},{"start":{"line":34,"column":8},"end":{"line":34,"column":8}}]},"2":{"line":53,"type":"if","locations":[{"start":{"line":53,"column":8},"end":{"line":53,"column":8}},{"start":{"line":53,"column":8},"end":{"line":53,"column":8}}]},"3":{"line":85,"type":"if","locations":[{"start":{"line":85,"column":8},"end":{"line":85,"column":8}},{"start":{"line":85,"column":8},"end":{"line":85,"column":8}}]},"4":{"line":110,"type":"if","locations":[{"start":{"line":110,"column":8},"end":{"line":110,"column":8}},{"start":{"line":110,"column":8},"end":{"line":110,"column":8}}]}}},
"contracts/PriceConverter.sol":{"l":{"15":19,"17":19,"27":19,"28":19,"32":19},"path":"/Users/test_user/Documents/Blockchain/Javascript_Youtube_Tutorial/follow_hardhat-fund-me-fcc/contracts/PriceConverter.sol","s":{"1":19,"2":19,"3":19,"4":19,"5":19},"b":{},"f":{"1":19,"2":19},"fnMap":{"1":{"name":"getPrice","line":10,"loc":{"start":{"line":10,"column":4},"end":{"line":20,"column":4}}},"2":{"name":"getConversionRate","line":23,"loc":{"start":{"line":23,"column":4},"end":{"line":33,"column":4}}}},"statementMap":{"1":{"start":{"line":15,"column":8},"end":{"line":15,"column":61}},"2":{"start":{"line":17,"column":8},"end":{"line":17,"column":44}},"3":{"start":{"line":27,"column":8},"end":{"line":27,"column":46}},"4":{"start":{"line":28,"column":8},"end":{"line":28,"column":77}},"5":{"start":{"line":32,"column":8},"end":{"line":32,"column":29}}},"branchMap":{}},
"contracts/test/MockV3Aggregator.sol":{"l":{},"path":"/Users/test_user/Documents/Blockchain/Javascript_Youtube_Tutorial/follow_hardhat-fund-me-fcc/contracts/test/MockV3Aggregator.sol","s":{},"b":{},"f":{},"fnMap":{},"statementMap":{},"branchMap":{}}}
