TN:
SF:/Users/test_user/Documents/Blockchain/Javascript_Youtube_Tutorial/follow_hardhat-fund-me-fcc/contracts/FundMe.sol
FN:31,onlyOwner
FN:38,constructor
FN:52,fund
FN:71,withdraw
FN:97,cheaperWithdraw
FN:113,getOwner
FN:117,getFunder
FN:121,getAddressToAmountFunded
FN:127,getPriceFeed
FNF:9
FNH:8
FNDA:6,onlyOwner
FNDA:3,constructor
FNDA:19,fund
FNDA:3,withdraw
FNDA:2,cheaperWithdraw
FNDA:0,getOwner
FNDA:3,getFunder
FNDA:12,getAddressToAmountFunded
FNDA:1,getPriceFeed
DA:34,6
DA:35,5
DA:43,3
DA:44,3
DA:53,19
DA:58,18
DA:59,18
DA:72,3
DA:77,8
DA:78,8
DA:80,3
DA:82,3
DA:85,3
DA:98,2
DA:100,2
DA:105,7
DA:106,7
DA:108,2
DA:109,2
DA:110,2
DA:114,0
DA:118,3
DA:124,12
DA:128,1
LF:24
LH:23
BRDA:34,1,0,1
BRDA:34,1,1,5
BRDA:53,2,0,18
BRDA:53,2,1,1
BRDA:85,3,0,3
BRDA:85,3,1,0
BRDA:110,4,0,2
BRDA:110,4,1,0
BRF:8
BRH:6
end_of_record
TN:
SF:/Users/test_user/Documents/Blockchain/Javascript_Youtube_Tutorial/follow_hardhat-fund-me-fcc/contracts/PriceConverter.sol
FN:10,getPrice
FN:23,getConversionRate
FNF:2
FNH:2
FNDA:19,getPrice
FNDA:19,getConversionRate
DA:15,19
DA:17,19
DA:27,19
DA:28,19
DA:32,19
LF:5
LH:5
BRF:0
BRH:0
end_of_record
TN:
SF:/Users/test_user/Documents/Blockchain/Javascript_Youtube_Tutorial/follow_hardhat-fund-me-fcc/contracts/test/MockV3Aggregator.sol
FNF:0
FNH:0
LF:0
LH:0
BRF:0
BRH:0
end_of_record
